<?xml version="1.0" encoding="UTF-8"?>
<testng-results ignored="0" total="1" passed="1" failed="0" skipped="0">
  <reporter-output>
  </reporter-output>
  <suite started-at="2023-06-12T16:30:11 IST" name="Default suite" finished-at="2023-06-12T16:31:14 IST" duration-ms="63113">
    <groups>
    </groups>
    <test started-at="2023-06-12T16:30:11 IST" name="Default test" finished-at="2023-06-12T16:31:14 IST" duration-ms="63113">
      <class name="AmazonShopAppTest">
        <test-method signature="amazonApps()[pri:0, instance:AmazonShopAppTest@32b260fa]" started-at="2023-06-12T16:30:11 IST" name="amazonApps" finished-at="2023-06-12T16:31:14 IST" duration-ms="63016" status="PASS">
          <reporter-output>
          </reporter-output>
        </test-method> <!-- amazonApps -->
      </class> <!-- AmazonShopAppTest -->
    </test> <!-- Default test -->
  </suite> <!-- Default suite -->
</testng-results>
